# JRE version: OpenJDK Runtime Environment (7.0_95) (build 1.7.0_95-b00)
# Java VM: OpenJDK 64-Bit Server VM (24.95-b01 mixed mode linux-amd64 compressed oops)
Heap
 PSYoungGen      total 243712K, used 101850K [0x00000007ad400000, 0x00000007c9880000, 0x0000000800000000)
  eden space 95744K, 99% used [0x00000007ad400000,0x00000007b317fff8,0x00000007b3180000)
  from space 147968K, 4% used [0x00000007b3180000,0x00000007b3776820,0x00000007bc200000)
  to   space 179200K, 0% used [0x00000007be980000,0x00000007be980000,0x00000007c9880000)
 ParOldGen       total 2711552K, used 2711199K [0x0000000707c00000, 0x00000007ad400000, 0x00000007ad400000)
  object space 2711552K, 99% used [0x0000000707c00000,0x00000007ad3a7c80,0x00000007ad400000)
 PSPermGen       total 21504K, used 4133K [0x00000006fd600000, 0x00000006feb00000, 0x0000000707c00000)
  object space 21504K, 19% used [0x00000006fd600000,0x00000006fda096b8,0x00000006feb00000)
GC Heap History (10 events):
Event: 422.075 GC heap after
Heap after GC invocations=239 (full 40):
 PSYoungGen      total 243712K, used 101850K [0x00000007ad400000, 0x00000007c9880000, 0x0000000800000000)
  eden space 95744K, 99% used [0x00000007ad400000,0x00000007b317fff8,0x00000007b3180000)
  from space 147968K, 4% used [0x00000007b3180000,0x00000007b3776820,0x00000007bc200000)
  to   space 179200K, 0% used [0x00000007be980000,0x00000007be980000,0x00000007c9880000)
 ParOldGen       total 2711552K, used 2711189K [0x0000000707c00000, 0x00000007ad400000, 0x00000007ad400000)
  object space 2711552K, 99% used [0x0000000707c00000,0x00000007ad3a5480,0x00000007ad400000)
 PSPermGen       total 21504K, used 4133K [0x00000006fd600000, 0x00000006feb00000, 0x0000000707c00000)
  object space 21504K, 19% used [0x00000006fd600000,0x00000006fda096b8,0x00000006feb00000)
}
Event: 422.075 GC heap before
{Heap before GC invocations=240 (full 41):
 PSYoungGen      total 243712K, used 101850K [0x00000007ad400000, 0x00000007c9880000, 0x0000000800000000)
  eden space 95744K, 99% used [0x00000007ad400000,0x00000007b317fff8,0x00000007b3180000)
  from space 147968K, 4% used [0x00000007b3180000,0x00000007b3776820,0x00000007bc200000)
  to   space 179200K, 0% used [0x00000007be980000,0x00000007be980000,0x00000007c9880000)
 ParOldGen       total 2711552K, used 2711191K [0x0000000707c00000, 0x00000007ad400000, 0x00000007ad400000)
  object space 2711552K, 99% used [0x0000000707c00000,0x00000007ad3a5c80,0x00000007ad400000)
 PSPermGen       total 21504K, used 4133K [0x00000006fd600000, 0x00000006feb00000, 0x0000000707c00000)
  object space 21504K, 19% used [0x00000006fd600000,0x00000006fda096b8,0x00000006feb00000)
Event: 426.076 GC heap after
Heap after GC invocations=240 (full 41):
 PSYoungGen      total 243712K, used 101850K [0x00000007ad400000, 0x00000007c9880000, 0x0000000800000000)
  eden space 95744K, 99% used [0x00000007ad400000,0x00000007b317fff8,0x00000007b3180000)
  from space 147968K, 4% used [0x00000007b3180000,0x00000007b3776820,0x00000007bc200000)
  to   space 179200K, 0% used [0x00000007be980000,0x00000007be980000,0x00000007c9880000)
 ParOldGen       total 2711552K, used 2711191K [0x0000000707c00000, 0x00000007ad400000, 0x00000007ad400000)
  object space 2711552K, 99% used [0x0000000707c00000,0x00000007ad3a5c80,0x00000007ad400000)
 PSPermGen       total 21504K, used 4133K [0x00000006fd600000, 0x00000006feb00000, 0x0000000707c00000)
  object space 21504K, 19% used [0x00000006fd600000,0x00000006fda096b8,0x00000006feb00000)
}
Event: 426.090 GC heap before
{Heap before GC invocations=241 (full 42):
 PSYoungGen      total 243712K, used 101850K [0x00000007ad400000, 0x00000007c9880000, 0x0000000800000000)
  eden space 95744K, 99% used [0x00000007ad400000,0x00000007b317fff8,0x00000007b3180000)
  from space 147968K, 4% used [0x00000007b3180000,0x00000007b3776820,0x00000007bc200000)
  to   space 179200K, 0% used [0x00000007be980000,0x00000007be980000,0x00000007c9880000)
 ParOldGen       total 2711552K, used 2711193K [0x0000000707c00000, 0x00000007ad400000, 0x00000007ad400000)
  object space 2711552K, 99% used [0x0000000707c00000,0x00000007ad3a6480,0x00000007ad400000)
 PSPermGen       total 21504K, used 4133K [0x00000006fd600000, 0x00000006feb00000, 0x0000000707c00000)
  object space 21504K, 19% used [0x00000006fd600000,0x00000006fda096b8,0x00000006feb00000)
Event: 431.607 GC heap after
Heap after GC invocations=241 (full 42):
 PSYoungGen      total 243712K, used 101850K [0x00000007ad400000, 0x00000007c9880000, 0x0000000800000000)
  eden space 95744K, 99% used [0x00000007ad400000,0x00000007b317fff8,0x00000007b3180000)
  from space 147968K, 4% used [0x00000007b3180000,0x00000007b3776820,0x00000007bc200000)
  to   space 179200K, 0% used [0x00000007be980000,0x00000007be980000,0x00000007c9880000)
 ParOldGen       total 2711552K, used 2711193K [0x0000000707c00000, 0x00000007ad400000, 0x00000007ad400000)
  object space 2711552K, 99% used [0x0000000707c00000,0x00000007ad3a6480,0x00000007ad400000)
 PSPermGen       total 21504K, used 4133K [0x00000006fd600000, 0x00000006feb00000, 0x0000000707c00000)
  object space 21504K, 19% used [0x00000006fd600000,0x00000006fda096b8,0x00000006feb00000)
}
Event: 431.607 GC heap before
{Heap before GC invocations=242 (full 43):
 PSYoungGen      total 243712K, used 101850K [0x00000007ad400000, 0x00000007c9880000, 0x0000000800000000)
  eden space 95744K, 99% used [0x00000007ad400000,0x00000007b317fff8,0x00000007b3180000)
  from space 147968K, 4% used [0x00000007b3180000,0x00000007b3776820,0x00000007bc200000)
  to   space 179200K, 0% used [0x00000007be980000,0x00000007be980000,0x00000007c9880000)
 ParOldGen       total 2711552K, used 2711195K [0x0000000707c00000, 0x00000007ad400000, 0x00000007ad400000)
  object space 2711552K, 99% used [0x0000000707c00000,0x00000007ad3a6c80,0x00000007ad400000)
 PSPermGen       total 21504K, used 4133K [0x00000006fd600000, 0x00000006feb00000, 0x0000000707c00000)
  object space 21504K, 19% used [0x00000006fd600000,0x00000006fda096b8,0x00000006feb00000)
Event: 435.092 GC heap after
Heap after GC invocations=242 (full 43):
 PSYoungGen      total 243712K, used 101850K [0x00000007ad400000, 0x00000007c9880000, 0x0000000800000000)
  eden space 95744K, 99% used [0x00000007ad400000,0x00000007b317fff8,0x00000007b3180000)
  from space 147968K, 4% used [0x00000007b3180000,0x00000007b3776820,0x00000007bc200000)
  to   space 179200K, 0% used [0x00000007be980000,0x00000007be980000,0x00000007c9880000)
 ParOldGen       total 2711552K, used 2711195K [0x0000000707c00000, 0x00000007ad400000, 0x00000007ad400000)
  object space 2711552K, 99% used [0x0000000707c00000,0x00000007ad3a6c80,0x00000007ad400000)
 PSPermGen       total 21504K, used 4133K [0x00000006fd600000, 0x00000006feb00000, 0x0000000707c00000)
  object space 21504K, 19% used [0x00000006fd600000,0x00000006fda096b8,0x00000006feb00000)
}
Event: 435.092 GC heap before
{Heap before GC invocations=243 (full 44):
 PSYoungGen      total 243712K, used 101850K [0x00000007ad400000, 0x00000007c9880000, 0x0000000800000000)
  eden space 95744K, 99% used [0x00000007ad400000,0x00000007b317fff8,0x00000007b3180000)
  from space 147968K, 4% used [0x00000007b3180000,0x00000007b3776820,0x00000007bc200000)
  to   space 179200K, 0% used [0x00000007be980000,0x00000007be980000,0x00000007c9880000)
 ParOldGen       total 2711552K, used 2711197K [0x0000000707c00000, 0x00000007ad400000, 0x00000007ad400000)
  object space 2711552K, 99% used [0x0000000707c00000,0x00000007ad3a7480,0x00000007ad400000)
 PSPermGen       total 21504K, used 4133K [0x00000006fd600000, 0x00000006feb00000, 0x0000000707c00000)
  object space 21504K, 19% used [0x00000006fd600000,0x00000006fda096b8,0x00000006feb00000)
Event: 437.682 GC heap after
Heap after GC invocations=243 (full 44):
 PSYoungGen      total 243712K, used 101850K [0x00000007ad400000, 0x00000007c9880000, 0x0000000800000000)
  eden space 95744K, 99% used [0x00000007ad400000,0x00000007b317fff8,0x00000007b3180000)
  from space 147968K, 4% used [0x00000007b3180000,0x00000007b3776820,0x00000007bc200000)
  to   space 179200K, 0% used [0x00000007be980000,0x00000007be980000,0x00000007c9880000)
 ParOldGen       total 2711552K, used 2711197K [0x0000000707c00000, 0x00000007ad400000, 0x00000007ad400000)
  object space 2711552K, 99% used [0x0000000707c00000,0x00000007ad3a7480,0x00000007ad400000)
 PSPermGen       total 21504K, used 4133K [0x00000006fd600000, 0x00000006feb00000, 0x0000000707c00000)
  object space 21504K, 19% used [0x00000006fd600000,0x00000006fda096b8,0x00000006feb00000)
}
Event: 437.682 GC heap before
{Heap before GC invocations=244 (full 45):
 PSYoungGen      total 243712K, used 101850K [0x00000007ad400000, 0x00000007c9880000, 0x0000000800000000)
  eden space 95744K, 99% used [0x00000007ad400000,0x00000007b317fff8,0x00000007b3180000)
  from space 147968K, 4% used [0x00000007b3180000,0x00000007b3776820,0x00000007bc200000)
  to   space 179200K, 0% used [0x00000007be980000,0x00000007be980000,0x00000007c9880000)
 ParOldGen       total 2711552K, used 2711199K [0x0000000707c00000, 0x00000007ad400000, 0x00000007ad400000)
  object space 2711552K, 99% used [0x0000000707c00000,0x00000007ad3a7c80,0x00000007ad400000)
 PSPermGen       total 21504K, used 4133K [0x00000006fd600000, 0x00000006feb00000, 0x0000000707c00000)
  object space 21504K, 19% used [0x00000006fd600000,0x00000006fda096b8,0x00000006feb00000)

