# JRE version: OpenJDK Runtime Environment (7.0_95) (build 1.7.0_95-b00)
# Java VM: OpenJDK 64-Bit Server VM (24.95-b01 mixed mode linux-amd64 compressed oops)
Heap
 PSYoungGen      total 904192K, used 452607K [0x00000007ad400000, 0x0000000800000000, 0x0000000800000000)
  eden space 452608K, 99% used [0x00000007ad400000,0x00000007c8dfffe8,0x00000007c8e00000)
  from space 451584K, 0% used [0x00000007e4700000,0x00000007e4700000,0x0000000800000000)
  to   space 451584K, 0% used [0x00000007c8e00000,0x00000007c8e00000,0x00000007e4700000)
 ParOldGen       total 2711552K, used 2711544K [0x0000000707c00000, 0x00000007ad400000, 0x00000007ad400000)
  object space 2711552K, 99% used [0x0000000707c00000,0x00000007ad3fe1b8,0x00000007ad400000)
 PSPermGen       total 21504K, used 3438K [0x00000006fd600000, 0x00000006feb00000, 0x0000000707c00000)
  object space 21504K, 15% used [0x00000006fd600000,0x00000006fd95bb48,0x00000006feb00000)
GC Heap History (10 events):
Event: 612.992 GC heap after
Heap after GC invocations=88 (full 24):
 PSYoungGen      total 904192K, used 452607K [0x00000007ad400000, 0x0000000800000000, 0x0000000800000000)
  eden space 452608K, 99% used [0x00000007ad400000,0x00000007c8dfffe8,0x00000007c8e00000)
  from space 451584K, 0% used [0x00000007e4700000,0x00000007e4700000,0x0000000800000000)
  to   space 451584K, 0% used [0x00000007c8e00000,0x00000007c8e00000,0x00000007e4700000)
 ParOldGen       total 2711552K, used 2711534K [0x0000000707c00000, 0x00000007ad400000, 0x00000007ad400000)
  object space 2711552K, 99% used [0x0000000707c00000,0x00000007ad3fb9b8,0x00000007ad400000)
 PSPermGen       total 21504K, used 3438K [0x00000006fd600000, 0x00000006feb00000, 0x0000000707c00000)
  object space 21504K, 15% used [0x00000006fd600000,0x00000006fd95bb48,0x00000006feb00000)
}
Event: 612.992 GC heap before
{Heap before GC invocations=89 (full 25):
 PSYoungGen      total 904192K, used 452607K [0x00000007ad400000, 0x0000000800000000, 0x0000000800000000)
  eden space 452608K, 99% used [0x00000007ad400000,0x00000007c8dfffe8,0x00000007c8e00000)
  from space 451584K, 0% used [0x00000007e4700000,0x00000007e4700000,0x0000000800000000)
  to   space 451584K, 0% used [0x00000007c8e00000,0x00000007c8e00000,0x00000007e4700000)
 ParOldGen       total 2711552K, used 2711536K [0x0000000707c00000, 0x00000007ad400000, 0x00000007ad400000)
  object space 2711552K, 99% used [0x0000000707c00000,0x00000007ad3fc1b8,0x00000007ad400000)
 PSPermGen       total 21504K, used 3438K [0x00000006fd600000, 0x00000006feb00000, 0x0000000707c00000)
  object space 21504K, 15% used [0x00000006fd600000,0x00000006fd95bb48,0x00000006feb00000)
Event: 625.757 GC heap after
Heap after GC invocations=89 (full 25):
 PSYoungGen      total 904192K, used 452607K [0x00000007ad400000, 0x0000000800000000, 0x0000000800000000)
  eden space 452608K, 99% used [0x00000007ad400000,0x00000007c8dfffe8,0x00000007c8e00000)
  from space 451584K, 0% used [0x00000007e4700000,0x00000007e4700000,0x0000000800000000)
  to   space 451584K, 0% used [0x00000007c8e00000,0x00000007c8e00000,0x00000007e4700000)
 ParOldGen       total 2711552K, used 2711536K [0x0000000707c00000, 0x00000007ad400000, 0x00000007ad400000)
  object space 2711552K, 99% used [0x0000000707c00000,0x00000007ad3fc1b8,0x00000007ad400000)
 PSPermGen       total 21504K, used 3438K [0x00000006fd600000, 0x00000006feb00000, 0x0000000707c00000)
  object space 21504K, 15% used [0x00000006fd600000,0x00000006fd95bb48,0x00000006feb00000)
}
Event: 625.757 GC heap before
{Heap before GC invocations=90 (full 26):
 PSYoungGen      total 904192K, used 452607K [0x00000007ad400000, 0x0000000800000000, 0x0000000800000000)
  eden space 452608K, 99% used [0x00000007ad400000,0x00000007c8dfffe8,0x00000007c8e00000)
  from space 451584K, 0% used [0x00000007e4700000,0x00000007e4700000,0x0000000800000000)
  to   space 451584K, 0% used [0x00000007c8e00000,0x00000007c8e00000,0x00000007e4700000)
 ParOldGen       total 2711552K, used 2711538K [0x0000000707c00000, 0x00000007ad400000, 0x00000007ad400000)
  object space 2711552K, 99% used [0x0000000707c00000,0x00000007ad3fc9b8,0x00000007ad400000)
 PSPermGen       total 21504K, used 3438K [0x00000006fd600000, 0x00000006feb00000, 0x0000000707c00000)
  object space 21504K, 15% used [0x00000006fd600000,0x00000006fd95bb48,0x00000006feb00000)
Event: 639.353 GC heap after
Heap after GC invocations=90 (full 26):
 PSYoungGen      total 904192K, used 452607K [0x00000007ad400000, 0x0000000800000000, 0x0000000800000000)
  eden space 452608K, 99% used [0x00000007ad400000,0x00000007c8dfffe8,0x00000007c8e00000)
  from space 451584K, 0% used [0x00000007e4700000,0x00000007e4700000,0x0000000800000000)
  to   space 451584K, 0% used [0x00000007c8e00000,0x00000007c8e00000,0x00000007e4700000)
 ParOldGen       total 2711552K, used 2711538K [0x0000000707c00000, 0x00000007ad400000, 0x00000007ad400000)
  object space 2711552K, 99% used [0x0000000707c00000,0x00000007ad3fc9b8,0x00000007ad400000)
 PSPermGen       total 21504K, used 3438K [0x00000006fd600000, 0x00000006feb00000, 0x0000000707c00000)
  object space 21504K, 15% used [0x00000006fd600000,0x00000006fd95bb48,0x00000006feb00000)
}
Event: 639.353 GC heap before
{Heap before GC invocations=91 (full 27):
 PSYoungGen      total 904192K, used 452607K [0x00000007ad400000, 0x0000000800000000, 0x0000000800000000)
  eden space 452608K, 99% used [0x00000007ad400000,0x00000007c8dfffe8,0x00000007c8e00000)
  from space 451584K, 0% used [0x00000007e4700000,0x00000007e4700000,0x0000000800000000)
  to   space 451584K, 0% used [0x00000007c8e00000,0x00000007c8e00000,0x00000007e4700000)
 ParOldGen       total 2711552K, used 2711540K [0x0000000707c00000, 0x00000007ad400000, 0x00000007ad400000)
  object space 2711552K, 99% used [0x0000000707c00000,0x00000007ad3fd1b8,0x00000007ad400000)
 PSPermGen       total 21504K, used 3438K [0x00000006fd600000, 0x00000006feb00000, 0x0000000707c00000)
  object space 21504K, 15% used [0x00000006fd600000,0x00000006fd95bb48,0x00000006feb00000)
Event: 651.981 GC heap after
Heap after GC invocations=91 (full 27):
 PSYoungGen      total 904192K, used 452607K [0x00000007ad400000, 0x0000000800000000, 0x0000000800000000)
  eden space 452608K, 99% used [0x00000007ad400000,0x00000007c8dfffe8,0x00000007c8e00000)
  from space 451584K, 0% used [0x00000007e4700000,0x00000007e4700000,0x0000000800000000)
  to   space 451584K, 0% used [0x00000007c8e00000,0x00000007c8e00000,0x00000007e4700000)
 ParOldGen       total 2711552K, used 2711540K [0x0000000707c00000, 0x00000007ad400000, 0x00000007ad400000)
  object space 2711552K, 99% used [0x0000000707c00000,0x00000007ad3fd1b8,0x00000007ad400000)
 PSPermGen       total 21504K, used 3438K [0x00000006fd600000, 0x00000006feb00000, 0x0000000707c00000)
  object space 21504K, 15% used [0x00000006fd600000,0x00000006fd95bb48,0x00000006feb00000)
}
Event: 651.981 GC heap before
{Heap before GC invocations=92 (full 28):
 PSYoungGen      total 904192K, used 452607K [0x00000007ad400000, 0x0000000800000000, 0x0000000800000000)
  eden space 452608K, 99% used [0x00000007ad400000,0x00000007c8dfffe8,0x00000007c8e00000)
  from space 451584K, 0% used [0x00000007e4700000,0x00000007e4700000,0x0000000800000000)
  to   space 451584K, 0% used [0x00000007c8e00000,0x00000007c8e00000,0x00000007e4700000)
 ParOldGen       total 2711552K, used 2711542K [0x0000000707c00000, 0x00000007ad400000, 0x00000007ad400000)
  object space 2711552K, 99% used [0x0000000707c00000,0x00000007ad3fd9b8,0x00000007ad400000)
 PSPermGen       total 21504K, used 3438K [0x00000006fd600000, 0x00000006feb00000, 0x0000000707c00000)
  object space 21504K, 15% used [0x00000006fd600000,0x00000006fd95bb48,0x00000006feb00000)
Event: 663.585 GC heap after
Heap after GC invocations=92 (full 28):
 PSYoungGen      total 904192K, used 452607K [0x00000007ad400000, 0x0000000800000000, 0x0000000800000000)
  eden space 452608K, 99% used [0x00000007ad400000,0x00000007c8dfffe8,0x00000007c8e00000)
  from space 451584K, 0% used [0x00000007e4700000,0x00000007e4700000,0x0000000800000000)
  to   space 451584K, 0% used [0x00000007c8e00000,0x00000007c8e00000,0x00000007e4700000)
 ParOldGen       total 2711552K, used 2711542K [0x0000000707c00000, 0x00000007ad400000, 0x00000007ad400000)
  object space 2711552K, 99% used [0x0000000707c00000,0x00000007ad3fd9b8,0x00000007ad400000)
 PSPermGen       total 21504K, used 3438K [0x00000006fd600000, 0x00000006feb00000, 0x0000000707c00000)
  object space 21504K, 15% used [0x00000006fd600000,0x00000006fd95bb48,0x00000006feb00000)
}
Event: 663.598 GC heap before
{Heap before GC invocations=93 (full 29):
 PSYoungGen      total 904192K, used 452607K [0x00000007ad400000, 0x0000000800000000, 0x0000000800000000)
  eden space 452608K, 99% used [0x00000007ad400000,0x00000007c8dfffe8,0x00000007c8e00000)
  from space 451584K, 0% used [0x00000007e4700000,0x00000007e4700000,0x0000000800000000)
  to   space 451584K, 0% used [0x00000007c8e00000,0x00000007c8e00000,0x00000007e4700000)
 ParOldGen       total 2711552K, used 2711544K [0x0000000707c00000, 0x00000007ad400000, 0x00000007ad400000)
  object space 2711552K, 99% used [0x0000000707c00000,0x00000007ad3fe1b8,0x00000007ad400000)
 PSPermGen       total 21504K, used 3438K [0x00000006fd600000, 0x00000006feb00000, 0x0000000707c00000)
  object space 21504K, 15% used [0x00000006fd600000,0x00000006fd95bb48,0x00000006feb00000)

