# JRE version: OpenJDK Runtime Environment (7.0_95) (build 1.7.0_95-b00)
# Java VM: OpenJDK 64-Bit Server VM (24.95-b01 mixed mode linux-amd64 compressed oops)
Heap
 PSYoungGen      total 1138688K, used 1079295K [0x00000007ad400000, 0x0000000800000000, 0x0000000800000000)
  eden space 1079296K, 99% used [0x00000007ad400000,0x00000007ef1ffff8,0x00000007ef200000)
  from space 59392K, 0% used [0x00000007f6d80000,0x00000007f6d80000,0x00000007fa780000)
  to   space 90624K, 0% used [0x00000007fa780000,0x00000007fa780000,0x0000000800000000)
 ParOldGen       total 2711552K, used 2711342K [0x0000000707c00000, 0x00000007ad400000, 0x00000007ad400000)
  object space 2711552K, 99% used [0x0000000707c00000,0x00000007ad3cbb48,0x00000007ad400000)
 PSPermGen       total 21504K, used 3439K [0x00000006fd600000, 0x00000006feb00000, 0x0000000707c00000)
  object space 21504K, 15% used [0x00000006fd600000,0x00000006fd95bfc0,0x00000006feb00000)
GC Heap History (10 events):
Event: 586.515 GC heap after
Heap after GC invocations=81 (full 16):
 PSYoungGen      total 1138688K, used 1079295K [0x00000007ad400000, 0x0000000800000000, 0x0000000800000000)
  eden space 1079296K, 99% used [0x00000007ad400000,0x00000007ef1ffff8,0x00000007ef200000)
  from space 59392K, 0% used [0x00000007f6d80000,0x00000007f6d80000,0x00000007fa780000)
  to   space 90624K, 0% used [0x00000007fa780000,0x00000007fa780000,0x0000000800000000)
 ParOldGen       total 2711552K, used 2711332K [0x0000000707c00000, 0x00000007ad400000, 0x00000007ad400000)
  object space 2711552K, 99% used [0x0000000707c00000,0x00000007ad3c93b0,0x00000007ad400000)
 PSPermGen       total 21504K, used 3439K [0x00000006fd600000, 0x00000006feb00000, 0x0000000707c00000)
  object space 21504K, 15% used [0x00000006fd600000,0x00000006fd95bfc0,0x00000006feb00000)
}
Event: 586.518 GC heap before
{Heap before GC invocations=82 (full 17):
 PSYoungGen      total 1138688K, used 1079295K [0x00000007ad400000, 0x0000000800000000, 0x0000000800000000)
  eden space 1079296K, 99% used [0x00000007ad400000,0x00000007ef1ffff8,0x00000007ef200000)
  from space 59392K, 0% used [0x00000007f6d80000,0x00000007f6d80000,0x00000007fa780000)
  to   space 90624K, 0% used [0x00000007fa780000,0x00000007fa780000,0x0000000800000000)
 ParOldGen       total 2711552K, used 2711334K [0x0000000707c00000, 0x00000007ad400000, 0x00000007ad400000)
  object space 2711552K, 99% used [0x0000000707c00000,0x00000007ad3c9bb0,0x00000007ad400000)
 PSPermGen       total 21504K, used 3439K [0x00000006fd600000, 0x00000006feb00000, 0x0000000707c00000)
  object space 21504K, 15% used [0x00000006fd600000,0x00000006fd95bfc0,0x00000006feb00000)
Event: 609.126 GC heap after
Heap after GC invocations=82 (full 17):
 PSYoungGen      total 1138688K, used 1079295K [0x00000007ad400000, 0x0000000800000000, 0x0000000800000000)
  eden space 1079296K, 99% used [0x00000007ad400000,0x00000007ef1ffff8,0x00000007ef200000)
  from space 59392K, 0% used [0x00000007f6d80000,0x00000007f6d80000,0x00000007fa780000)
  to   space 90624K, 0% used [0x00000007fa780000,0x00000007fa780000,0x0000000800000000)
 ParOldGen       total 2711552K, used 2711334K [0x0000000707c00000, 0x00000007ad400000, 0x00000007ad400000)
  object space 2711552K, 99% used [0x0000000707c00000,0x00000007ad3c9bb0,0x00000007ad400000)
 PSPermGen       total 21504K, used 3439K [0x00000006fd600000, 0x00000006feb00000, 0x0000000707c00000)
  object space 21504K, 15% used [0x00000006fd600000,0x00000006fd95bfc0,0x00000006feb00000)
}
Event: 609.127 GC heap before
{Heap before GC invocations=83 (full 18):
 PSYoungGen      total 1138688K, used 1079295K [0x00000007ad400000, 0x0000000800000000, 0x0000000800000000)
  eden space 1079296K, 99% used [0x00000007ad400000,0x00000007ef1ffff8,0x00000007ef200000)
  from space 59392K, 0% used [0x00000007f6d80000,0x00000007f6d80000,0x00000007fa780000)
  to   space 90624K, 0% used [0x00000007fa780000,0x00000007fa780000,0x0000000800000000)
 ParOldGen       total 2711552K, used 2711336K [0x0000000707c00000, 0x00000007ad400000, 0x00000007ad400000)
  object space 2711552K, 99% used [0x0000000707c00000,0x00000007ad3ca3b0,0x00000007ad400000)
 PSPermGen       total 21504K, used 3439K [0x00000006fd600000, 0x00000006feb00000, 0x0000000707c00000)
  object space 21504K, 15% used [0x00000006fd600000,0x00000006fd95bfc0,0x00000006feb00000)
Event: 643.211 GC heap after
Heap after GC invocations=83 (full 18):
 PSYoungGen      total 1138688K, used 1079295K [0x00000007ad400000, 0x0000000800000000, 0x0000000800000000)
  eden space 1079296K, 99% used [0x00000007ad400000,0x00000007ef1ffff8,0x00000007ef200000)
  from space 59392K, 0% used [0x00000007f6d80000,0x00000007f6d80000,0x00000007fa780000)
  to   space 90624K, 0% used [0x00000007fa780000,0x00000007fa780000,0x0000000800000000)
 ParOldGen       total 2711552K, used 2711336K [0x0000000707c00000, 0x00000007ad400000, 0x00000007ad400000)
  object space 2711552K, 99% used [0x0000000707c00000,0x00000007ad3ca348,0x00000007ad400000)
 PSPermGen       total 21504K, used 3439K [0x00000006fd600000, 0x00000006feb00000, 0x0000000707c00000)
  object space 21504K, 15% used [0x00000006fd600000,0x00000006fd95bfc0,0x00000006feb00000)
}
Event: 643.212 GC heap before
{Heap before GC invocations=84 (full 19):
 PSYoungGen      total 1138688K, used 1079295K [0x00000007ad400000, 0x0000000800000000, 0x0000000800000000)
  eden space 1079296K, 99% used [0x00000007ad400000,0x00000007ef1ffff8,0x00000007ef200000)
  from space 59392K, 0% used [0x00000007f6d80000,0x00000007f6d80000,0x00000007fa780000)
  to   space 90624K, 0% used [0x00000007fa780000,0x00000007fa780000,0x0000000800000000)
 ParOldGen       total 2711552K, used 2711338K [0x0000000707c00000, 0x00000007ad400000, 0x00000007ad400000)
  object space 2711552K, 99% used [0x0000000707c00000,0x00000007ad3cab48,0x00000007ad400000)
 PSPermGen       total 21504K, used 3439K [0x00000006fd600000, 0x00000006feb00000, 0x0000000707c00000)
  object space 21504K, 15% used [0x00000006fd600000,0x00000006fd95bfc0,0x00000006feb00000)
Event: 665.012 GC heap after
Heap after GC invocations=84 (full 19):
 PSYoungGen      total 1138688K, used 1079295K [0x00000007ad400000, 0x0000000800000000, 0x0000000800000000)
  eden space 1079296K, 99% used [0x00000007ad400000,0x00000007ef1ffff8,0x00000007ef200000)
  from space 59392K, 0% used [0x00000007f6d80000,0x00000007f6d80000,0x00000007fa780000)
  to   space 90624K, 0% used [0x00000007fa780000,0x00000007fa780000,0x0000000800000000)
 ParOldGen       total 2711552K, used 2711338K [0x0000000707c00000, 0x00000007ad400000, 0x00000007ad400000)
  object space 2711552K, 99% used [0x0000000707c00000,0x00000007ad3cab48,0x00000007ad400000)
 PSPermGen       total 21504K, used 3439K [0x00000006fd600000, 0x00000006feb00000, 0x0000000707c00000)
  object space 21504K, 15% used [0x00000006fd600000,0x00000006fd95bfc0,0x00000006feb00000)
}
Event: 665.013 GC heap before
{Heap before GC invocations=85 (full 20):
 PSYoungGen      total 1138688K, used 1079295K [0x00000007ad400000, 0x0000000800000000, 0x0000000800000000)
  eden space 1079296K, 99% used [0x00000007ad400000,0x00000007ef1ffff8,0x00000007ef200000)
  from space 59392K, 0% used [0x00000007f6d80000,0x00000007f6d80000,0x00000007fa780000)
  to   space 90624K, 0% used [0x00000007fa780000,0x00000007fa780000,0x0000000800000000)
 ParOldGen       total 2711552K, used 2711340K [0x0000000707c00000, 0x00000007ad400000, 0x00000007ad400000)
  object space 2711552K, 99% used [0x0000000707c00000,0x00000007ad3cb348,0x00000007ad400000)
 PSPermGen       total 21504K, used 3439K [0x00000006fd600000, 0x00000006feb00000, 0x0000000707c00000)
  object space 21504K, 15% used [0x00000006fd600000,0x00000006fd95bfc0,0x00000006feb00000)
Event: 687.085 GC heap after
Heap after GC invocations=85 (full 20):
 PSYoungGen      total 1138688K, used 1079295K [0x00000007ad400000, 0x0000000800000000, 0x0000000800000000)
  eden space 1079296K, 99% used [0x00000007ad400000,0x00000007ef1ffff8,0x00000007ef200000)
  from space 59392K, 0% used [0x00000007f6d80000,0x00000007f6d80000,0x00000007fa780000)
  to   space 90624K, 0% used [0x00000007fa780000,0x00000007fa780000,0x0000000800000000)
 ParOldGen       total 2711552K, used 2711340K [0x0000000707c00000, 0x00000007ad400000, 0x00000007ad400000)
  object space 2711552K, 99% used [0x0000000707c00000,0x00000007ad3cb348,0x00000007ad400000)
 PSPermGen       total 21504K, used 3439K [0x00000006fd600000, 0x00000006feb00000, 0x0000000707c00000)
  object space 21504K, 15% used [0x00000006fd600000,0x00000006fd95bfc0,0x00000006feb00000)
}
Event: 687.097 GC heap before
{Heap before GC invocations=86 (full 21):
 PSYoungGen      total 1138688K, used 1079295K [0x00000007ad400000, 0x0000000800000000, 0x0000000800000000)
  eden space 1079296K, 99% used [0x00000007ad400000,0x00000007ef1ffff8,0x00000007ef200000)
  from space 59392K, 0% used [0x00000007f6d80000,0x00000007f6d80000,0x00000007fa780000)
  to   space 90624K, 0% used [0x00000007fa780000,0x00000007fa780000,0x0000000800000000)
 ParOldGen       total 2711552K, used 2711342K [0x0000000707c00000, 0x00000007ad400000, 0x00000007ad400000)
  object space 2711552K, 99% used [0x0000000707c00000,0x00000007ad3cbb48,0x00000007ad400000)
 PSPermGen       total 21504K, used 3439K [0x00000006fd600000, 0x00000006feb00000, 0x0000000707c00000)
  object space 21504K, 15% used [0x00000006fd600000,0x00000006fd95bfc0,0x00000006feb00000)

