# JRE version: OpenJDK Runtime Environment (7.0_95) (build 1.7.0_95-b00)
# Java VM: OpenJDK 64-Bit Server VM (24.95-b01 mixed mode linux-amd64 compressed oops)
Heap
 PSYoungGen      total 461824K, used 281125K [0x00000007ad400000, 0x00000007e5000000, 0x0000000800000000)
  eden space 10240K, 100% used [0x00000007ad400000,0x00000007ade00000,0x00000007ade00000)
  from space 451584K, 59% used [0x00000007c9700000,0x00000007d9f89420,0x00000007e5000000)
  to   space 451584K, 0% used [0x00000007ade00000,0x00000007ade00000,0x00000007c9700000)
 ParOldGen       total 2711552K, used 2711337K [0x0000000707c00000, 0x00000007ad400000, 0x00000007ad400000)
  object space 2711552K, 99% used [0x0000000707c00000,0x00000007ad3ca620,0x00000007ad400000)
 PSPermGen       total 21504K, used 3509K [0x00000006fd600000, 0x00000006feb00000, 0x0000000707c00000)
  object space 21504K, 16% used [0x00000006fd600000,0x00000006fd96d610,0x00000006feb00000)
GC Heap History (10 events):
Event: 375.304 GC heap after
Heap after GC invocations=224 (full 18):
 PSYoungGen      total 401408K, used 386343K [0x00000007ad400000, 0x00000007e7800000, 0x0000000800000000)
  eden space 8704K, 0% used [0x00000007ad400000,0x00000007ad400000,0x00000007adc80000)
  from space 392704K, 98% used [0x00000007c9000000,0x00000007e0949fb8,0x00000007e0f80000)
  to   space 445952K, 0% used [0x00000007adc80000,0x00000007adc80000,0x00000007c9000000)
 ParOldGen       total 2711552K, used 2578992K [0x0000000707c00000, 0x00000007ad400000, 0x00000007ad400000)
  object space 2711552K, 95% used [0x0000000707c00000,0x00000007a528c3b0,0x00000007ad400000)
 PSPermGen       total 21504K, used 3509K [0x00000006fd600000, 0x00000006feb00000, 0x0000000707c00000)
  object space 21504K, 16% used [0x00000006fd600000,0x00000006fd96d630,0x00000006feb00000)
}
Event: 375.461 GC heap before
{Heap before GC invocations=225 (full 18):
 PSYoungGen      total 401408K, used 395047K [0x00000007ad400000, 0x00000007e7800000, 0x0000000800000000)
  eden space 8704K, 100% used [0x00000007ad400000,0x00000007adc80000,0x00000007adc80000)
  from space 392704K, 98% used [0x00000007c9000000,0x00000007e0949fb8,0x00000007e0f80000)
  to   space 445952K, 0% used [0x00000007adc80000,0x00000007adc80000,0x00000007c9000000)
 ParOldGen       total 2711552K, used 2578992K [0x0000000707c00000, 0x00000007ad400000, 0x00000007ad400000)
  object space 2711552K, 95% used [0x0000000707c00000,0x00000007a528c3b0,0x00000007ad400000)
 PSPermGen       total 21504K, used 3509K [0x00000006fd600000, 0x00000006feb00000, 0x0000000707c00000)
  object space 21504K, 16% used [0x00000006fd600000,0x00000006fd96d630,0x00000006feb00000)
Event: 376.757 GC heap after
Heap after GC invocations=225 (full 18):
 PSYoungGen      total 454656K, used 395079K [0x00000007ad400000, 0x00000007e5000000, 0x0000000800000000)
  eden space 8704K, 0% used [0x00000007ad400000,0x00000007ad400000,0x00000007adc80000)
  from space 445952K, 88% used [0x00000007adc80000,0x00000007c5e51fb8,0x00000007c9000000)
  to   space 451584K, 0% used [0x00000007c9700000,0x00000007c9700000,0x00000007e5000000)
 ParOldGen       total 2711552K, used 2578992K [0x0000000707c00000, 0x00000007ad400000, 0x00000007ad400000)
  object space 2711552K, 95% used [0x0000000707c00000,0x00000007a528c3b0,0x00000007ad400000)
 PSPermGen       total 21504K, used 3509K [0x00000006fd600000, 0x00000006feb00000, 0x0000000707c00000)
  object space 21504K, 16% used [0x00000006fd600000,0x00000006fd96d630,0x00000006feb00000)
}
Event: 376.823 GC heap before
{Heap before GC invocations=226 (full 18):
 PSYoungGen      total 454656K, used 403783K [0x00000007ad400000, 0x00000007e5000000, 0x0000000800000000)
  eden space 8704K, 100% used [0x00000007ad400000,0x00000007adc80000,0x00000007adc80000)
  from space 445952K, 88% used [0x00000007adc80000,0x00000007c5e51fb8,0x00000007c9000000)
  to   space 451584K, 0% used [0x00000007c9700000,0x00000007c9700000,0x00000007e5000000)
 ParOldGen       total 2711552K, used 2578992K [0x0000000707c00000, 0x00000007ad400000, 0x00000007ad400000)
  object space 2711552K, 95% used [0x0000000707c00000,0x00000007a528c3b0,0x00000007ad400000)
 PSPermGen       total 21504K, used 3509K [0x00000006fd600000, 0x00000006feb00000, 0x0000000707c00000)
  object space 21504K, 16% used [0x00000006fd600000,0x00000006fd96d630,0x00000006feb00000)
Event: 377.994 GC heap after
Heap after GC invocations=226 (full 18):
 PSYoungGen      total 461824K, used 357792K [0x00000007ad400000, 0x00000007e5000000, 0x0000000800000000)
  eden space 10240K, 0% used [0x00000007ad400000,0x00000007ad400000,0x00000007ade00000)
  from space 451584K, 79% used [0x00000007c9700000,0x00000007df468000,0x00000007e5000000)
  to   space 451584K, 0% used [0x00000007ade00000,0x00000007ade00000,0x00000007c9700000)
 ParOldGen       total 2711552K, used 2625128K [0x0000000707c00000, 0x00000007ad400000, 0x00000007ad400000)
  object space 2711552K, 96% used [0x0000000707c00000,0x00000007a7f9a368,0x00000007ad400000)
 PSPermGen       total 21504K, used 3509K [0x00000006fd600000, 0x00000006feb00000, 0x0000000707c00000)
  object space 21504K, 16% used [0x00000006fd600000,0x00000006fd96d630,0x00000006feb00000)
}
Event: 377.994 GC heap before
{Heap before GC invocations=227 (full 19):
 PSYoungGen      total 461824K, used 357792K [0x00000007ad400000, 0x00000007e5000000, 0x0000000800000000)
  eden space 10240K, 0% used [0x00000007ad400000,0x00000007ad400000,0x00000007ade00000)
  from space 451584K, 79% used [0x00000007c9700000,0x00000007df468000,0x00000007e5000000)
  to   space 451584K, 0% used [0x00000007ade00000,0x00000007ade00000,0x00000007c9700000)
 ParOldGen       total 2711552K, used 2625128K [0x0000000707c00000, 0x00000007ad400000, 0x00000007ad400000)
  object space 2711552K, 96% used [0x0000000707c00000,0x00000007a7f9a368,0x00000007ad400000)
 PSPermGen       total 21504K, used 3509K [0x00000006fd600000, 0x00000006feb00000, 0x0000000707c00000)
  object space 21504K, 16% used [0x00000006fd600000,0x00000006fd96d630,0x00000006feb00000)
Event: 396.454 GC heap after
Heap after GC invocations=227 (full 19):
 PSYoungGen      total 461824K, used 270885K [0x00000007ad400000, 0x00000007e5000000, 0x0000000800000000)
  eden space 10240K, 0% used [0x00000007ad400000,0x00000007ad400000,0x00000007ade00000)
  from space 451584K, 59% used [0x00000007c9700000,0x00000007d9f89420,0x00000007e5000000)
  to   space 451584K, 0% used [0x00000007ade00000,0x00000007ade00000,0x00000007c9700000)
 ParOldGen       total 2711552K, used 2711337K [0x0000000707c00000, 0x00000007ad400000, 0x00000007ad400000)
  object space 2711552K, 99% used [0x0000000707c00000,0x00000007ad3ca640,0x00000007ad400000)
 PSPermGen       total 21504K, used 3509K [0x00000006fd600000, 0x00000006feb00000, 0x0000000707c00000)
  object space 21504K, 16% used [0x00000006fd600000,0x00000006fd96d610,0x00000006feb00000)
}
Event: 396.537 GC heap before
{Heap before GC invocations=228 (full 20):
 PSYoungGen      total 461824K, used 281125K [0x00000007ad400000, 0x00000007e5000000, 0x0000000800000000)
  eden space 10240K, 100% used [0x00000007ad400000,0x00000007ade00000,0x00000007ade00000)
  from space 451584K, 59% used [0x00000007c9700000,0x00000007d9f89420,0x00000007e5000000)
  to   space 451584K, 0% used [0x00000007ade00000,0x00000007ade00000,0x00000007c9700000)
 ParOldGen       total 2711552K, used 2711337K [0x0000000707c00000, 0x00000007ad400000, 0x00000007ad400000)
  object space 2711552K, 99% used [0x0000000707c00000,0x00000007ad3ca640,0x00000007ad400000)
 PSPermGen       total 21504K, used 3509K [0x00000006fd600000, 0x00000006feb00000, 0x0000000707c00000)
  object space 21504K, 16% used [0x00000006fd600000,0x00000006fd96d610,0x00000006feb00000)
Event: 403.654 GC heap after
Heap after GC invocations=228 (full 20):
 PSYoungGen      total 461824K, used 281121K [0x00000007ad400000, 0x00000007e5000000, 0x0000000800000000)
  eden space 10240K, 99% used [0x00000007ad400000,0x00000007addff380,0x00000007ade00000)
  from space 451584K, 59% used [0x00000007c9700000,0x00000007d9f89420,0x00000007e5000000)
  to   space 451584K, 0% used [0x00000007ade00000,0x00000007ade00000,0x00000007c9700000)
 ParOldGen       total 2711552K, used 2711337K [0x0000000707c00000, 0x00000007ad400000, 0x00000007ad400000)
  object space 2711552K, 99% used [0x0000000707c00000,0x00000007ad3ca620,0x00000007ad400000)
 PSPermGen       total 21504K, used 3509K [0x00000006fd600000, 0x00000006feb00000, 0x0000000707c00000)
  object space 21504K, 16% used [0x00000006fd600000,0x00000006fd96d610,0x00000006feb00000)
}
Event: 403.654 GC heap before
{Heap before GC invocations=229 (full 21):
 PSYoungGen      total 461824K, used 281125K [0x00000007ad400000, 0x00000007e5000000, 0x0000000800000000)
  eden space 10240K, 100% used [0x00000007ad400000,0x00000007ade00000,0x00000007ade00000)
  from space 451584K, 59% used [0x00000007c9700000,0x00000007d9f89420,0x00000007e5000000)
  to   space 451584K, 0% used [0x00000007ade00000,0x00000007ade00000,0x00000007c9700000)
 ParOldGen       total 2711552K, used 2711337K [0x0000000707c00000, 0x00000007ad400000, 0x00000007ad400000)
  object space 2711552K, 99% used [0x0000000707c00000,0x00000007ad3ca620,0x00000007ad400000)
 PSPermGen       total 21504K, used 3509K [0x00000006fd600000, 0x00000006feb00000, 0x0000000707c00000)
  object space 21504K, 16% used [0x00000006fd600000,0x00000006fd96d610,0x00000006feb00000)

